# JRE version: Java(TM) SE Runtime Environment (8.0_231-b11) (build 1.8.0_231-b11)
# Java VM: Java HotSpot(TM) 64-Bit Server VM (25.231-b11 mixed mode windows-amd64 compressed oops)
Heap:
 PSYoungGen      total 172544K, used 11467K [0x0000000780b00000, 0x000000078c180000, 0x00000007c0000000)
  eden space 158208K, 7% used [0x0000000780b00000,0x0000000781632d80,0x000000078a580000)
  from space 14336K, 0% used [0x000000078b380000,0x000000078b380000,0x000000078c180000)
  to   space 14336K, 0% used [0x000000078a580000,0x000000078a580000,0x000000078b380000)
 ParOldGen       total 130048K, used 18490K [0x0000000702000000, 0x0000000709f00000, 0x0000000780b00000)
  object space 130048K, 14% used [0x0000000702000000,0x000000070320eae0,0x0000000709f00000)
 Metaspace       used 35469K, capacity 38000K, committed 38016K, reserved 1083392K
  class space    used 4557K, capacity 4987K, committed 4992K, reserved 1048576K
GC Heap History (10 events):
Event: 3414.127 GC heap before
{Heap before GC invocations=14 (full 4):
 PSYoungGen      total 115200K, used 90156K [0x0000000780b00000, 0x0000000789280000, 0x00000007c0000000)
  eden space 109056K, 82% used [0x0000000780b00000,0x000000078630b370,0x0000000787580000)
  from space 6144K, 0% used [0x0000000787580000,0x0000000787580000,0x0000000787b80000)
  to   space 14848K, 0% used [0x0000000788400000,0x0000000788400000,0x0000000789280000)
 ParOldGen       total 130048K, used 15287K [0x0000000702000000, 0x0000000709f00000, 0x0000000780b00000)
  object space 130048K, 11% used [0x0000000702000000,0x0000000702eeddc0,0x0000000709f00000)
 Metaspace       used 35166K, capacity 37516K, committed 37760K, reserved 1081344K
  class space    used 4535K, capacity 4927K, committed 4992K, reserved 1048576K
Event: 3414.132 GC heap after
Heap after GC invocations=14 (full 4):
 PSYoungGen      total 123904K, used 3735K [0x0000000780b00000, 0x0000000789280000, 0x00000007c0000000)
  eden space 109056K, 0% used [0x0000000780b00000,0x0000000780b00000,0x0000000787580000)
  from space 14848K, 25% used [0x0000000788400000,0x00000007887a5fe0,0x0000000789280000)
  to   space 14848K, 0% used [0x0000000787580000,0x0000000787580000,0x0000000788400000)
 ParOldGen       total 130048K, used 15295K [0x0000000702000000, 0x0000000709f00000, 0x0000000780b00000)
  object space 130048K, 11% used [0x0000000702000000,0x0000000702eefdc0,0x0000000709f00000)
 Metaspace       used 35166K, capacity 37516K, committed 37760K, reserved 1081344K
  class space    used 4535K, capacity 4927K, committed 4992K, reserved 1048576K
}
Event: 3414.132 GC heap before
{Heap before GC invocations=15 (full 5):
 PSYoungGen      total 123904K, used 3735K [0x0000000780b00000, 0x0000000789280000, 0x00000007c0000000)
  eden space 109056K, 0% used [0x0000000780b00000,0x0000000780b00000,0x0000000787580000)
  from space 14848K, 25% used [0x0000000788400000,0x00000007887a5fe0,0x0000000789280000)
  to   space 14848K, 0% used [0x0000000787580000,0x0000000787580000,0x0000000788400000)
 ParOldGen       total 130048K, used 15295K [0x0000000702000000, 0x0000000709f00000, 0x0000000780b00000)
  object space 130048K, 11% used [0x0000000702000000,0x0000000702eefdc0,0x0000000709f00000)
 Metaspace       used 35166K, capacity 37516K, committed 37760K, reserved 1081344K
  class space    used 4535K, capacity 4927K, committed 4992K, reserved 1048576K
Event: 3414.274 GC heap after
Heap after GC invocations=15 (full 5):
 PSYoungGen      total 123904K, used 0K [0x0000000780b00000, 0x0000000789280000, 0x00000007c0000000)
  eden space 109056K, 0% used [0x0000000780b00000,0x0000000780b00000,0x0000000787580000)
  from space 14848K, 0% used [0x0000000788400000,0x0000000788400000,0x0000000789280000)
  to   space 14848K, 0% used [0x0000000787580000,0x0000000787580000,0x0000000788400000)
 ParOldGen       total 130048K, used 17180K [0x0000000702000000, 0x0000000709f00000, 0x0000000780b00000)
  object space 130048K, 13% used [0x0000000702000000,0x00000007030c7010,0x0000000709f00000)
 Metaspace       used 35166K, capacity 37516K, committed 37760K, reserved 1081344K
  class space    used 4535K, capacity 4927K, committed 4992K, reserved 1048576K
}
Event: 3435.521 GC heap before
{Heap before GC invocations=16 (full 5):
 PSYoungGen      total 123904K, used 109056K [0x0000000780b00000, 0x0000000789280000, 0x00000007c0000000)
  eden space 109056K, 100% used [0x0000000780b00000,0x0000000787580000,0x0000000787580000)
  from space 14848K, 0% used [0x0000000788400000,0x0000000788400000,0x0000000789280000)
  to   space 14848K, 0% used [0x0000000787580000,0x0000000787580000,0x0000000788400000)
 ParOldGen       total 130048K, used 17180K [0x0000000702000000, 0x0000000709f00000, 0x0000000780b00000)
  object space 130048K, 13% used [0x0000000702000000,0x00000007030c7010,0x0000000709f00000)
 Metaspace       used 35346K, capacity 37792K, committed 38016K, reserved 1083392K
  class space    used 4552K, capacity 4977K, committed 4992K, reserved 1048576K
Event: 3435.529 GC heap after
Heap after GC invocations=16 (full 5):
 PSYoungGen      total 123904K, used 5091K [0x0000000780b00000, 0x000000078c180000, 0x00000007c0000000)
  eden space 109056K, 0% used [0x0000000780b00000,0x0000000780b00000,0x0000000787580000)
  from space 14848K, 34% used [0x0000000787580000,0x0000000787a78e80,0x0000000788400000)
  to   space 14336K, 0% used [0x000000078b380000,0x000000078b380000,0x000000078c180000)
 ParOldGen       total 130048K, used 17188K [0x0000000702000000, 0x0000000709f00000, 0x0000000780b00000)
  object space 130048K, 13% used [0x0000000702000000,0x00000007030c9010,0x0000000709f00000)
 Metaspace       used 35346K, capacity 37792K, committed 38016K, reserved 1083392K
  class space    used 4552K, capacity 4977K, committed 4992K, reserved 1048576K
}
Event: 3541.788 GC heap before
{Heap before GC invocations=17 (full 5):
 PSYoungGen      total 123904K, used 50961K [0x0000000780b00000, 0x000000078c180000, 0x00000007c0000000)
  eden space 109056K, 42% used [0x0000000780b00000,0x00000007837cb670,0x0000000787580000)
  from space 14848K, 34% used [0x0000000787580000,0x0000000787a78e80,0x0000000788400000)
  to   space 14336K, 0% used [0x000000078b380000,0x000000078b380000,0x000000078c180000)
 ParOldGen       total 130048K, used 17188K [0x0000000702000000, 0x0000000709f00000, 0x0000000780b00000)
  object space 130048K, 13% used [0x0000000702000000,0x00000007030c9010,0x0000000709f00000)
 Metaspace       used 35452K, capacity 37994K, committed 38016K, reserved 1083392K
  class space    used 4557K, capacity 4985K, committed 4992K, reserved 1048576K
Event: 3541.793 GC heap after
Heap after GC invocations=17 (full 5):
 PSYoungGen      total 172544K, used 3038K [0x0000000780b00000, 0x000000078c180000, 0x00000007c0000000)
  eden space 158208K, 0% used [0x0000000780b00000,0x0000000780b00000,0x000000078a580000)
  from space 14336K, 21% used [0x000000078b380000,0x000000078b677a38,0x000000078c180000)
  to   space 14336K, 0% used [0x000000078a580000,0x000000078a580000,0x000000078b380000)
 ParOldGen       total 130048K, used 17196K [0x0000000702000000, 0x0000000709f00000, 0x0000000780b00000)
  object space 130048K, 13% used [0x0000000702000000,0x00000007030cb010,0x0000000709f00000)
 Metaspace       used 35452K, capacity 37994K, committed 38016K, reserved 1083392K
  class space    used 4557K, capacity 4985K, committed 4992K, reserved 1048576K
}
Event: 3541.793 GC heap before
{Heap before GC invocations=18 (full 6):
 PSYoungGen      total 172544K, used 3038K [0x0000000780b00000, 0x000000078c180000, 0x00000007c0000000)
  eden space 158208K, 0% used [0x0000000780b00000,0x0000000780b00000,0x000000078a580000)
  from space 14336K, 21% used [0x000000078b380000,0x000000078b677a38,0x000000078c180000)
  to   space 14336K, 0% used [0x000000078a580000,0x000000078a580000,0x000000078b380000)
 ParOldGen       total 130048K, used 17196K [0x0000000702000000, 0x0000000709f00000, 0x0000000780b00000)
  object space 130048K, 13% used [0x0000000702000000,0x00000007030cb010,0x0000000709f00000)
 Metaspace       used 35452K, capacity 37994K, committed 38016K, reserved 1083392K
  class space    used 4557K, capacity 4985K, committed 4992K, reserved 1048576K
Event: 3541.949 GC heap after
Heap after GC invocations=18 (full 6):
 PSYoungGen      total 172544K, used 0K [0x0000000780b00000, 0x000000078c180000, 0x00000007c0000000)
  eden space 158208K, 0% used [0x0000000780b00000,0x0000000780b00000,0x000000078a580000)
  from space 14336K, 0% used [0x000000078b380000,0x000000078b380000,0x000000078c180000)
  to   space 14336K, 0% used [0x000000078a580000,0x000000078a580000,0x000000078b380000)
 ParOldGen       total 130048K, used 18490K [0x0000000702000000, 0x0000000709f00000, 0x0000000780b00000)
  object space 130048K, 14% used [0x0000000702000000,0x000000070320eae0,0x0000000709f00000)
 Metaspace       used 35452K, capacity 37994K, committed 38016K, reserved 1083392K
  class space    used 4557K, capacity 4985K, committed 4992K, reserved 1048576K
}

