# JRE version: Java(TM) SE Runtime Environment (8.0_231-b11) (build 1.8.0_231-b11)
# Java VM: Java HotSpot(TM) 64-Bit Server VM (25.231-b11 mixed mode windows-amd64 compressed oops)
Heap:
 PSYoungGen      total 122880K, used 36043K [0x0000000780b00000, 0x000000078ac80000, 0x00000007c0000000)
  eden space 112640K, 22% used [0x0000000780b00000,0x0000000782438e20,0x0000000787900000)
  from space 10240K, 99% used [0x0000000787900000,0x00000007882fa148,0x0000000788300000)
  to   space 13312K, 0% used [0x0000000789f80000,0x0000000789f80000,0x000000078ac80000)
 ParOldGen       total 126464K, used 19868K [0x0000000702000000, 0x0000000709b80000, 0x0000000780b00000)
  object space 126464K, 15% used [0x0000000702000000,0x00000007033671d8,0x0000000709b80000)
 Metaspace       used 47420K, capacity 49596K, committed 49792K, reserved 1091584K
  class space    used 6313K, capacity 6706K, committed 6784K, reserved 1048576K
GC Heap History (10 events):
Event: 6.234 GC heap before
{Heap before GC invocations=7 (full 1):
 PSYoungGen      total 56832K, used 49152K [0x0000000780b00000, 0x0000000787e00000, 0x00000007c0000000)
  eden space 49152K, 100% used [0x0000000780b00000,0x0000000783b00000,0x0000000783b00000)
  from space 7680K, 0% used [0x0000000783b00000,0x0000000783b00000,0x0000000784280000)
  to   space 9728K, 0% used [0x0000000787480000,0x0000000787480000,0x0000000787e00000)
 ParOldGen       total 78336K, used 6866K [0x0000000702000000, 0x0000000706c80000, 0x0000000780b00000)
  object space 78336K, 8% used [0x0000000702000000,0x00000007026b4b10,0x0000000706c80000)
 Metaspace       used 24540K, capacity 25650K, committed 25728K, reserved 1071104K
  class space    used 3156K, capacity 3385K, committed 3456K, reserved 1048576K
Event: 6.242 GC heap after
Heap after GC invocations=7 (full 1):
 PSYoungGen      total 81408K, used 5632K [0x0000000780b00000, 0x0000000787a80000, 0x00000007c0000000)
  eden space 75264K, 0% used [0x0000000780b00000,0x0000000780b00000,0x0000000785480000)
  from space 6144K, 91% used [0x0000000787480000,0x0000000787a00388,0x0000000787a80000)
  to   space 9216K, 0% used [0x0000000786880000,0x0000000786880000,0x0000000787180000)
 ParOldGen       total 78336K, used 6874K [0x0000000702000000, 0x0000000706c80000, 0x0000000780b00000)
  object space 78336K, 8% used [0x0000000702000000,0x00000007026b6b10,0x0000000706c80000)
 Metaspace       used 24540K, capacity 25650K, committed 25728K, reserved 1071104K
  class space    used 3156K, capacity 3385K, committed 3456K, reserved 1048576K
}
Event: 7.233 GC heap before
{Heap before GC invocations=8 (full 1):
 PSYoungGen      total 81408K, used 80880K [0x0000000780b00000, 0x0000000787a80000, 0x00000007c0000000)
  eden space 75264K, 99% used [0x0000000780b00000,0x000000078547bed0,0x0000000785480000)
  from space 6144K, 91% used [0x0000000787480000,0x0000000787a00388,0x0000000787a80000)
  to   space 9216K, 0% used [0x0000000786880000,0x0000000786880000,0x0000000787180000)
 ParOldGen       total 78336K, used 6874K [0x0000000702000000, 0x0000000706c80000, 0x0000000780b00000)
  object space 78336K, 8% used [0x0000000702000000,0x00000007026b6b10,0x0000000706c80000)
 Metaspace       used 27185K, capacity 28740K, committed 28928K, reserved 1075200K
  class space    used 3493K, capacity 3790K, committed 3840K, reserved 1048576K
Event: 7.240 GC heap after
Heap after GC invocations=8 (full 1):
 PSYoungGen      total 104960K, used 5756K [0x0000000780b00000, 0x0000000788c00000, 0x00000007c0000000)
  eden space 95744K, 0% used [0x0000000780b00000,0x0000000780b00000,0x0000000786880000)
  from space 9216K, 62% used [0x0000000786880000,0x0000000786e1f068,0x0000000787180000)
  to   space 9216K, 0% used [0x0000000788300000,0x0000000788300000,0x0000000788c00000)
 ParOldGen       total 78336K, used 6882K [0x0000000702000000, 0x0000000706c80000, 0x0000000780b00000)
  object space 78336K, 8% used [0x0000000702000000,0x00000007026b8b10,0x0000000706c80000)
 Metaspace       used 27185K, capacity 28740K, committed 28928K, reserved 1075200K
  class space    used 3493K, capacity 3790K, committed 3840K, reserved 1048576K
}
Event: 8.684 GC heap before
{Heap before GC invocations=9 (full 1):
 PSYoungGen      total 104960K, used 69327K [0x0000000780b00000, 0x0000000788c00000, 0x00000007c0000000)
  eden space 95744K, 66% used [0x0000000780b00000,0x0000000784914ef0,0x0000000786880000)
  from space 9216K, 62% used [0x0000000786880000,0x0000000786e1f068,0x0000000787180000)
  to   space 9216K, 0% used [0x0000000788300000,0x0000000788300000,0x0000000788c00000)
 ParOldGen       total 78336K, used 6882K [0x0000000702000000, 0x0000000706c80000, 0x0000000780b00000)
  object space 78336K, 8% used [0x0000000702000000,0x00000007026b8b10,0x0000000706c80000)
 Metaspace       used 33618K, capacity 35282K, committed 35416K, reserved 1081344K
  class space    used 4229K, capacity 4514K, committed 4608K, reserved 1048576K
Event: 8.704 GC heap after
Heap after GC invocations=9 (full 1):
 PSYoungGen      total 121856K, used 9187K [0x0000000780b00000, 0x000000078ae80000, 0x00000007c0000000)
  eden space 112640K, 0% used [0x0000000780b00000,0x0000000780b00000,0x0000000787900000)
  from space 9216K, 99% used [0x0000000788300000,0x0000000788bf8e28,0x0000000788c00000)
  to   space 10240K, 0% used [0x0000000787900000,0x0000000787900000,0x0000000788300000)
 ParOldGen       total 78336K, used 7810K [0x0000000702000000, 0x0000000706c80000, 0x0000000780b00000)
  object space 78336K, 9% used [0x0000000702000000,0x00000007027a09c8,0x0000000706c80000)
 Metaspace       used 33618K, capacity 35282K, committed 35416K, reserved 1081344K
  class space    used 4229K, capacity 4514K, committed 4608K, reserved 1048576K
}
Event: 8.704 GC heap before
{Heap before GC invocations=10 (full 2):
 PSYoungGen      total 121856K, used 9187K [0x0000000780b00000, 0x000000078ae80000, 0x00000007c0000000)
  eden space 112640K, 0% used [0x0000000780b00000,0x0000000780b00000,0x0000000787900000)
  from space 9216K, 99% used [0x0000000788300000,0x0000000788bf8e28,0x0000000788c00000)
  to   space 10240K, 0% used [0x0000000787900000,0x0000000787900000,0x0000000788300000)
 ParOldGen       total 78336K, used 7810K [0x0000000702000000, 0x0000000706c80000, 0x0000000780b00000)
  object space 78336K, 9% used [0x0000000702000000,0x00000007027a09c8,0x0000000706c80000)
 Metaspace       used 33618K, capacity 35282K, committed 35416K, reserved 1081344K
  class space    used 4229K, capacity 4514K, committed 4608K, reserved 1048576K
Event: 8.774 GC heap after
Heap after GC invocations=10 (full 2):
 PSYoungGen      total 121856K, used 0K [0x0000000780b00000, 0x000000078ae80000, 0x00000007c0000000)
  eden space 112640K, 0% used [0x0000000780b00000,0x0000000780b00000,0x0000000787900000)
  from space 9216K, 0% used [0x0000000788300000,0x0000000788300000,0x0000000788c00000)
  to   space 10240K, 0% used [0x0000000787900000,0x0000000787900000,0x0000000788300000)
 ParOldGen       total 126464K, used 15002K [0x0000000702000000, 0x0000000709b80000, 0x0000000780b00000)
  object space 126464K, 11% used [0x0000000702000000,0x0000000702ea6848,0x0000000709b80000)
 Metaspace       used 33618K, capacity 35282K, committed 35416K, reserved 1081344K
  class space    used 4229K, capacity 4514K, committed 4608K, reserved 1048576K
}
Event: 28.365 GC heap before
{Heap before GC invocations=11 (full 2):
 PSYoungGen      total 121856K, used 112640K [0x0000000780b00000, 0x000000078ae80000, 0x00000007c0000000)
  eden space 112640K, 100% used [0x0000000780b00000,0x0000000787900000,0x0000000787900000)
  from space 9216K, 0% used [0x0000000788300000,0x0000000788300000,0x0000000788c00000)
  to   space 10240K, 0% used [0x0000000787900000,0x0000000787900000,0x0000000788300000)
 ParOldGen       total 126464K, used 15002K [0x0000000702000000, 0x0000000709b80000, 0x0000000780b00000)
  object space 126464K, 11% used [0x0000000702000000,0x0000000702ea6848,0x0000000709b80000)
 Metaspace       used 46961K, capacity 49118K, committed 49408K, reserved 1091584K
  class space    used 6266K, capacity 6635K, committed 6656K, reserved 1048576K
Event: 28.390 GC heap after
Heap after GC invocations=11 (full 2):
 PSYoungGen      total 122880K, used 10216K [0x0000000780b00000, 0x000000078ac80000, 0x00000007c0000000)
  eden space 112640K, 0% used [0x0000000780b00000,0x0000000780b00000,0x0000000787900000)
  from space 10240K, 99% used [0x0000000787900000,0x00000007882fa148,0x0000000788300000)
  to   space 13312K, 0% used [0x0000000789f80000,0x0000000789f80000,0x000000078ac80000)
 ParOldGen       total 126464K, used 19868K [0x0000000702000000, 0x0000000709b80000, 0x0000000780b00000)
  object space 126464K, 15% used [0x0000000702000000,0x00000007033671d8,0x0000000709b80000)
 Metaspace       used 46961K, capacity 49118K, committed 49408K, reserved 1091584K
  class space    used 6266K, capacity 6635K, committed 6656K, reserved 1048576K
}

