# JRE version: Java(TM) SE Runtime Environment (8.0_231-b11) (build 1.8.0_231-b11)
# Java VM: Java HotSpot(TM) 64-Bit Server VM (25.231-b11 mixed mode windows-amd64 compressed oops)
Heap:
 PSYoungGen      total 165888K, used 139587K [0x0000000780b00000, 0x000000078b980000, 0x00000007c0000000)
  eden space 153088K, 91% used [0x0000000780b00000,0x0000000789350c30,0x000000078a080000)
  from space 12800K, 0% used [0x000000078a080000,0x000000078a080000,0x000000078ad00000)
  to   space 12800K, 0% used [0x000000078ad00000,0x000000078ad00000,0x000000078b980000)
 ParOldGen       total 113664K, used 14023K [0x0000000702000000, 0x0000000708f00000, 0x0000000780b00000)
  object space 113664K, 12% used [0x0000000702000000,0x0000000702db1f60,0x0000000708f00000)
 Metaspace       used 49061K, capacity 51816K, committed 51968K, reserved 1093632K
  class space    used 6396K, capacity 6860K, committed 6912K, reserved 1048576K
GC Heap History (10 events):
Event: 3948.173 GC heap before
{Heap before GC invocations=18 (full 5):
 PSYoungGen      total 166400K, used 5406K [0x0000000780b00000, 0x000000078ba80000, 0x00000007c0000000)
  eden space 153088K, 0% used [0x0000000780b00000,0x0000000780b00000,0x000000078a080000)
  from space 13312K, 40% used [0x000000078a080000,0x000000078a5c7a58,0x000000078ad80000)
  to   space 13312K, 0% used [0x000000078ad80000,0x000000078ad80000,0x000000078ba80000)
 ParOldGen       total 113664K, used 10308K [0x0000000702000000, 0x0000000708f00000, 0x0000000780b00000)
  object space 113664K, 9% used [0x0000000702000000,0x0000000702a111b0,0x0000000708f00000)
 Metaspace       used 48360K, capacity 50860K, committed 51072K, reserved 1093632K
  class space    used 6347K, capacity 6757K, committed 6784K, reserved 1048576K
Event: 3948.697 GC heap after
Heap after GC invocations=18 (full 5):
 PSYoungGen      total 166400K, used 0K [0x0000000780b00000, 0x000000078ba80000, 0x00000007c0000000)
  eden space 153088K, 0% used [0x0000000780b00000,0x0000000780b00000,0x000000078a080000)
  from space 13312K, 0% used [0x000000078a080000,0x000000078a080000,0x000000078ad80000)
  to   space 13312K, 0% used [0x000000078ad80000,0x000000078ad80000,0x000000078ba80000)
 ParOldGen       total 113664K, used 13406K [0x0000000702000000, 0x0000000708f00000, 0x0000000780b00000)
  object space 113664K, 11% used [0x0000000702000000,0x0000000702d17ad8,0x0000000708f00000)
 Metaspace       used 48357K, capacity 50854K, committed 51072K, reserved 1093632K
  class space    used 6346K, capacity 6755K, committed 6784K, reserved 1048576K
}
Event: 4036.955 GC heap before
{Heap before GC invocations=19 (full 5):
 PSYoungGen      total 166400K, used 111990K [0x0000000780b00000, 0x000000078ba80000, 0x00000007c0000000)
  eden space 153088K, 73% used [0x0000000780b00000,0x000000078785d848,0x000000078a080000)
  from space 13312K, 0% used [0x000000078a080000,0x000000078a080000,0x000000078ad80000)
  to   space 13312K, 0% used [0x000000078ad80000,0x000000078ad80000,0x000000078ba80000)
 ParOldGen       total 113664K, used 13406K [0x0000000702000000, 0x0000000708f00000, 0x0000000780b00000)
  object space 113664K, 11% used [0x0000000702000000,0x0000000702d17ad8,0x0000000708f00000)
 Metaspace       used 48607K, capacity 51232K, committed 51328K, reserved 1093632K
  class space    used 6360K, capacity 6777K, committed 6784K, reserved 1048576K
Event: 4036.967 GC heap after
Heap after GC invocations=19 (full 5):
 PSYoungGen      total 165376K, used 3213K [0x0000000780b00000, 0x000000078b980000, 0x00000007c0000000)
  eden space 153088K, 0% used [0x0000000780b00000,0x0000000780b00000,0x000000078a080000)
  from space 12288K, 26% used [0x000000078ad80000,0x000000078b0a3728,0x000000078b980000)
  to   space 12800K, 0% used [0x000000078a080000,0x000000078a080000,0x000000078ad00000)
 ParOldGen       total 113664K, used 13414K [0x0000000702000000, 0x0000000708f00000, 0x0000000780b00000)
  object space 113664K, 11% used [0x0000000702000000,0x0000000702d19ad8,0x0000000708f00000)
 Metaspace       used 48607K, capacity 51232K, committed 51328K, reserved 1093632K
  class space    used 6360K, capacity 6777K, committed 6784K, reserved 1048576K
}
Event: 4036.967 GC heap before
{Heap before GC invocations=20 (full 6):
 PSYoungGen      total 165376K, used 3213K [0x0000000780b00000, 0x000000078b980000, 0x00000007c0000000)
  eden space 153088K, 0% used [0x0000000780b00000,0x0000000780b00000,0x000000078a080000)
  from space 12288K, 26% used [0x000000078ad80000,0x000000078b0a3728,0x000000078b980000)
  to   space 12800K, 0% used [0x000000078a080000,0x000000078a080000,0x000000078ad00000)
 ParOldGen       total 113664K, used 13414K [0x0000000702000000, 0x0000000708f00000, 0x0000000780b00000)
  object space 113664K, 11% used [0x0000000702000000,0x0000000702d19ad8,0x0000000708f00000)
 Metaspace       used 48607K, capacity 51232K, committed 51328K, reserved 1093632K
  class space    used 6360K, capacity 6777K, committed 6784K, reserved 1048576K
Event: 4037.169 GC heap after
Heap after GC invocations=20 (full 6):
 PSYoungGen      total 165376K, used 0K [0x0000000780b00000, 0x000000078b980000, 0x00000007c0000000)
  eden space 153088K, 0% used [0x0000000780b00000,0x0000000780b00000,0x000000078a080000)
  from space 12288K, 0% used [0x000000078ad80000,0x000000078ad80000,0x000000078b980000)
  to   space 12800K, 0% used [0x000000078a080000,0x000000078a080000,0x000000078ad00000)
 ParOldGen       total 113664K, used 13534K [0x0000000702000000, 0x0000000708f00000, 0x0000000780b00000)
  object space 113664K, 11% used [0x0000000702000000,0x0000000702d37890,0x0000000708f00000)
 Metaspace       used 48566K, capacity 51138K, committed 51328K, reserved 1093632K
  class space    used 6353K, capacity 6767K, committed 6784K, reserved 1048576K
}
Event: 4114.948 GC heap before
{Heap before GC invocations=21 (full 6):
 PSYoungGen      total 165376K, used 114247K [0x0000000780b00000, 0x000000078b980000, 0x00000007c0000000)
  eden space 153088K, 74% used [0x0000000780b00000,0x0000000787a91f40,0x000000078a080000)
  from space 12288K, 0% used [0x000000078ad80000,0x000000078ad80000,0x000000078b980000)
  to   space 12800K, 0% used [0x000000078a080000,0x000000078a080000,0x000000078ad00000)
 ParOldGen       total 113664K, used 13534K [0x0000000702000000, 0x0000000708f00000, 0x0000000780b00000)
  object space 113664K, 11% used [0x0000000702000000,0x0000000702d37890,0x0000000708f00000)
 Metaspace       used 48823K, capacity 51428K, committed 51712K, reserved 1093632K
  class space    used 6374K, capacity 6827K, committed 6912K, reserved 1048576K
Event: 4114.960 GC heap after
Heap after GC invocations=21 (full 6):
 PSYoungGen      total 165888K, used 3597K [0x0000000780b00000, 0x000000078b980000, 0x00000007c0000000)
  eden space 153088K, 0% used [0x0000000780b00000,0x0000000780b00000,0x000000078a080000)
  from space 12800K, 28% used [0x000000078a080000,0x000000078a403728,0x000000078ad00000)
  to   space 12800K, 0% used [0x000000078ad00000,0x000000078ad00000,0x000000078b980000)
 ParOldGen       total 113664K, used 13542K [0x0000000702000000, 0x0000000708f00000, 0x0000000780b00000)
  object space 113664K, 11% used [0x0000000702000000,0x0000000702d39890,0x0000000708f00000)
 Metaspace       used 48823K, capacity 51428K, committed 51712K, reserved 1093632K
  class space    used 6374K, capacity 6827K, committed 6912K, reserved 1048576K
}
Event: 4114.960 GC heap before
{Heap before GC invocations=22 (full 7):
 PSYoungGen      total 165888K, used 3597K [0x0000000780b00000, 0x000000078b980000, 0x00000007c0000000)
  eden space 153088K, 0% used [0x0000000780b00000,0x0000000780b00000,0x000000078a080000)
  from space 12800K, 28% used [0x000000078a080000,0x000000078a403728,0x000000078ad00000)
  to   space 12800K, 0% used [0x000000078ad00000,0x000000078ad00000,0x000000078b980000)
 ParOldGen       total 113664K, used 13542K [0x0000000702000000, 0x0000000708f00000, 0x0000000780b00000)
  object space 113664K, 11% used [0x0000000702000000,0x0000000702d39890,0x0000000708f00000)
 Metaspace       used 48823K, capacity 51428K, committed 51712K, reserved 1093632K
  class space    used 6374K, capacity 6827K, committed 6912K, reserved 1048576K
Event: 4115.424 GC heap after
Heap after GC invocations=22 (full 7):
 PSYoungGen      total 165888K, used 0K [0x0000000780b00000, 0x000000078b980000, 0x00000007c0000000)
  eden space 153088K, 0% used [0x0000000780b00000,0x0000000780b00000,0x000000078a080000)
  from space 12800K, 0% used [0x000000078a080000,0x000000078a080000,0x000000078ad00000)
  to   space 12800K, 0% used [0x000000078ad00000,0x000000078ad00000,0x000000078b980000)
 ParOldGen       total 113664K, used 14023K [0x0000000702000000, 0x0000000708f00000, 0x0000000780b00000)
  object space 113664K, 12% used [0x0000000702000000,0x0000000702db1f60,0x0000000708f00000)
 Metaspace       used 48820K, capacity 51422K, committed 51712K, reserved 1093632K
  class space    used 6373K, capacity 6825K, committed 6912K, reserved 1048576K
}

