# JRE version: Java(TM) SE Runtime Environment (8.0_231-b11) (build 1.8.0_231-b11)
# Java VM: Java HotSpot(TM) 64-Bit Server VM (25.231-b11 mixed mode windows-amd64 compressed oops)
Heap:
 PSYoungGen      total 355328K, used 55735K [0x0000000780b00000, 0x00000007a5700000, 0x00000007c0000000)
  eden space 338944K, 14% used [0x0000000780b00000,0x0000000783c3dac0,0x0000000795600000)
  from space 16384K, 32% used [0x0000000795600000,0x0000000795b303a0,0x0000000796600000)
  to   space 15872K, 0% used [0x00000007a4780000,0x00000007a4780000,0x00000007a5700000)
 ParOldGen       total 88576K, used 15862K [0x0000000702000000, 0x0000000707680000, 0x0000000780b00000)
  object space 88576K, 17% used [0x0000000702000000,0x0000000702f7d978,0x0000000707680000)
 Metaspace       used 51803K, capacity 54486K, committed 54656K, reserved 1097728K
  class space    used 6832K, capacity 7270K, committed 7296K, reserved 1048576K
GC Heap History (10 events):
Event: 158.059 GC heap before
{Heap before GC invocations=16 (full 5):
 PSYoungGen      total 355840K, used 155361K [0x0000000780b00000, 0x0000000797700000, 0x00000007c0000000)
  eden space 338944K, 45% used [0x0000000780b00000,0x000000078a2b8518,0x0000000795600000)
  from space 16896K, 0% used [0x0000000796680000,0x0000000796680000,0x0000000797700000)
  to   space 16896K, 0% used [0x0000000795600000,0x0000000795600000,0x0000000796680000)
 ParOldGen       total 88576K, used 15654K [0x0000000702000000, 0x0000000707680000, 0x0000000780b00000)
  object space 88576K, 17% used [0x0000000702000000,0x0000000702f49838,0x0000000707680000)
 Metaspace       used 51047K, capacity 53560K, committed 53888K, reserved 1095680K
  class space    used 6786K, capacity 7205K, committed 7296K, reserved 1048576K
Event: 158.063 GC heap after
Heap after GC invocations=16 (full 5):
 PSYoungGen      total 355840K, used 3277K [0x0000000780b00000, 0x0000000797700000, 0x00000007c0000000)
  eden space 338944K, 0% used [0x0000000780b00000,0x0000000780b00000,0x0000000795600000)
  from space 16896K, 19% used [0x0000000795600000,0x00000007959337a0,0x0000000796680000)
  to   space 16896K, 0% used [0x0000000796680000,0x0000000796680000,0x0000000797700000)
 ParOldGen       total 88576K, used 15662K [0x0000000702000000, 0x0000000707680000, 0x0000000780b00000)
  object space 88576K, 17% used [0x0000000702000000,0x0000000702f4b838,0x0000000707680000)
 Metaspace       used 51047K, capacity 53560K, committed 53888K, reserved 1095680K
  class space    used 6786K, capacity 7205K, committed 7296K, reserved 1048576K
}
Event: 158.063 GC heap before
{Heap before GC invocations=17 (full 6):
 PSYoungGen      total 355840K, used 3277K [0x0000000780b00000, 0x0000000797700000, 0x00000007c0000000)
  eden space 338944K, 0% used [0x0000000780b00000,0x0000000780b00000,0x0000000795600000)
  from space 16896K, 19% used [0x0000000795600000,0x00000007959337a0,0x0000000796680000)
  to   space 16896K, 0% used [0x0000000796680000,0x0000000796680000,0x0000000797700000)
 ParOldGen       total 88576K, used 15662K [0x0000000702000000, 0x0000000707680000, 0x0000000780b00000)
  object space 88576K, 17% used [0x0000000702000000,0x0000000702f4b838,0x0000000707680000)
 Metaspace       used 51047K, capacity 53560K, committed 53888K, reserved 1095680K
  class space    used 6786K, capacity 7205K, committed 7296K, reserved 1048576K
Event: 158.197 GC heap after
Heap after GC invocations=17 (full 6):
 PSYoungGen      total 355840K, used 0K [0x0000000780b00000, 0x0000000797700000, 0x00000007c0000000)
  eden space 338944K, 0% used [0x0000000780b00000,0x0000000780b00000,0x0000000795600000)
  from space 16896K, 0% used [0x0000000795600000,0x0000000795600000,0x0000000796680000)
  to   space 16896K, 0% used [0x0000000796680000,0x0000000796680000,0x0000000797700000)
 ParOldGen       total 88576K, used 15761K [0x0000000702000000, 0x0000000707680000, 0x0000000780b00000)
  object space 88576K, 17% used [0x0000000702000000,0x0000000702f646e0,0x0000000707680000)
 Metaspace       used 51045K, capacity 53554K, committed 53888K, reserved 1095680K
  class space    used 6785K, capacity 7203K, committed 7296K, reserved 1048576K
}
Event: 175.577 GC heap before
{Heap before GC invocations=18 (full 6):
 PSYoungGen      total 355840K, used 153135K [0x0000000780b00000, 0x0000000797700000, 0x00000007c0000000)
  eden space 338944K, 45% used [0x0000000780b00000,0x000000078a08bdc8,0x0000000795600000)
  from space 16896K, 0% used [0x0000000795600000,0x0000000795600000,0x0000000796680000)
  to   space 16896K, 0% used [0x0000000796680000,0x0000000796680000,0x0000000797700000)
 ParOldGen       total 88576K, used 15761K [0x0000000702000000, 0x0000000707680000, 0x0000000780b00000)
  object space 88576K, 17% used [0x0000000702000000,0x0000000702f646e0,0x0000000707680000)
 Metaspace       used 51260K, capacity 53810K, committed 54144K, reserved 1095680K
  class space    used 6794K, capacity 7215K, committed 7296K, reserved 1048576K
Event: 175.581 GC heap after
Heap after GC invocations=18 (full 6):
 PSYoungGen      total 354816K, used 3309K [0x0000000780b00000, 0x0000000797600000, 0x00000007c0000000)
  eden space 338944K, 0% used [0x0000000780b00000,0x0000000780b00000,0x0000000795600000)
  from space 15872K, 20% used [0x0000000796680000,0x00000007969bb7e0,0x0000000797600000)
  to   space 16384K, 0% used [0x0000000795600000,0x0000000795600000,0x0000000796600000)
 ParOldGen       total 88576K, used 15769K [0x0000000702000000, 0x0000000707680000, 0x0000000780b00000)
  object space 88576K, 17% used [0x0000000702000000,0x0000000702f666e0,0x0000000707680000)
 Metaspace       used 51260K, capacity 53810K, committed 54144K, reserved 1095680K
  class space    used 6794K, capacity 7215K, committed 7296K, reserved 1048576K
}
Event: 175.581 GC heap before
{Heap before GC invocations=19 (full 7):
 PSYoungGen      total 354816K, used 3309K [0x0000000780b00000, 0x0000000797600000, 0x00000007c0000000)
  eden space 338944K, 0% used [0x0000000780b00000,0x0000000780b00000,0x0000000795600000)
  from space 15872K, 20% used [0x0000000796680000,0x00000007969bb7e0,0x0000000797600000)
  to   space 16384K, 0% used [0x0000000795600000,0x0000000795600000,0x0000000796600000)
 ParOldGen       total 88576K, used 15769K [0x0000000702000000, 0x0000000707680000, 0x0000000780b00000)
  object space 88576K, 17% used [0x0000000702000000,0x0000000702f666e0,0x0000000707680000)
 Metaspace       used 51260K, capacity 53810K, committed 54144K, reserved 1095680K
  class space    used 6794K, capacity 7215K, committed 7296K, reserved 1048576K
Event: 175.666 GC heap after
Heap after GC invocations=19 (full 7):
 PSYoungGen      total 354816K, used 0K [0x0000000780b00000, 0x0000000797600000, 0x00000007c0000000)
  eden space 338944K, 0% used [0x0000000780b00000,0x0000000780b00000,0x0000000795600000)
  from space 15872K, 0% used [0x0000000796680000,0x0000000796680000,0x0000000797600000)
  to   space 16384K, 0% used [0x0000000795600000,0x0000000795600000,0x0000000796600000)
 ParOldGen       total 88576K, used 15854K [0x0000000702000000, 0x0000000707680000, 0x0000000780b00000)
  object space 88576K, 17% used [0x0000000702000000,0x0000000702f7b978,0x0000000707680000)
 Metaspace       used 51257K, capacity 53804K, committed 54144K, reserved 1095680K
  class space    used 6793K, capacity 7213K, committed 7296K, reserved 1048576K
}
Event: 5488.658 GC heap before
{Heap before GC invocations=20 (full 7):
 PSYoungGen      total 354816K, used 338944K [0x0000000780b00000, 0x0000000797600000, 0x00000007c0000000)
  eden space 338944K, 100% used [0x0000000780b00000,0x0000000795600000,0x0000000795600000)
  from space 15872K, 0% used [0x0000000796680000,0x0000000796680000,0x0000000797600000)
  to   space 16384K, 0% used [0x0000000795600000,0x0000000795600000,0x0000000796600000)
 ParOldGen       total 88576K, used 15854K [0x0000000702000000, 0x0000000707680000, 0x0000000780b00000)
  object space 88576K, 17% used [0x0000000702000000,0x0000000702f7b978,0x0000000707680000)
 Metaspace       used 51790K, capacity 54422K, committed 54656K, reserved 1097728K
  class space    used 6832K, capacity 7270K, committed 7296K, reserved 1048576K
Event: 5491.887 GC heap after
Heap after GC invocations=20 (full 7):
 PSYoungGen      total 355328K, used 5312K [0x0000000780b00000, 0x00000007a5700000, 0x00000007c0000000)
  eden space 338944K, 0% used [0x0000000780b00000,0x0000000780b00000,0x0000000795600000)
  from space 16384K, 32% used [0x0000000795600000,0x0000000795b303a0,0x0000000796600000)
  to   space 15872K, 0% used [0x00000007a4780000,0x00000007a4780000,0x00000007a5700000)
 ParOldGen       total 88576K, used 15862K [0x0000000702000000, 0x0000000707680000, 0x0000000780b00000)
  object space 88576K, 17% used [0x0000000702000000,0x0000000702f7d978,0x0000000707680000)
 Metaspace       used 51790K, capacity 54422K, committed 54656K, reserved 1097728K
  class space    used 6832K, capacity 7270K, committed 7296K, reserved 1048576K
}

