# JRE version: Java(TM) SE Runtime Environment (8.0_231-b11) (build 1.8.0_231-b11)
# Java VM: Java HotSpot(TM) 64-Bit Server VM (25.231-b11 mixed mode windows-amd64 compressed oops)
Heap:
 PSYoungGen      total 146432K, used 53783K [0x0000000780b00000, 0x000000078ae80000, 0x00000007c0000000)
  eden space 134144K, 30% used [0x0000000780b00000,0x000000078338ca18,0x0000000788e00000)
  from space 12288K, 99% used [0x000000078a280000,0x000000078ae792a0,0x000000078ae80000)
  to   space 14336K, 0% used [0x0000000789280000,0x0000000789280000,0x000000078a080000)
 ParOldGen       total 118784K, used 14974K [0x0000000702000000, 0x0000000709400000, 0x0000000780b00000)
  object space 118784K, 12% used [0x0000000702000000,0x0000000702e9f898,0x0000000709400000)
 Metaspace       used 48778K, capacity 50964K, committed 51328K, reserved 1093632K
  class space    used 6595K, capacity 6978K, committed 7040K, reserved 1048576K
GC Heap History (10 events):
Event: 8.100 GC heap before
{Heap before GC invocations=8 (full 1):
 PSYoungGen      total 78848K, used 75900K [0x0000000780b00000, 0x0000000786480000, 0x00000007c0000000)
  eden space 71168K, 100% used [0x0000000780b00000,0x0000000785080000,0x0000000785080000)
  from space 7680K, 61% used [0x0000000785d00000,0x000000078619f0c0,0x0000000786480000)
  to   space 10240K, 0% used [0x0000000785080000,0x0000000785080000,0x0000000785a80000)
 ParOldGen       total 81920K, used 7783K [0x0000000702000000, 0x0000000707000000, 0x0000000780b00000)
  object space 81920K, 9% used [0x0000000702000000,0x0000000702799c58,0x0000000707000000)
 Metaspace       used 29807K, capacity 31416K, committed 31744K, reserved 1077248K
  class space    used 3934K, capacity 4229K, committed 4352K, reserved 1048576K
Event: 8.110 GC heap after
Heap after GC invocations=8 (full 1):
 PSYoungGen      total 81408K, used 10135K [0x0000000780b00000, 0x0000000788600000, 0x00000007c0000000)
  eden space 71168K, 0% used [0x0000000780b00000,0x0000000780b00000,0x0000000785080000)
  from space 10240K, 98% used [0x0000000785080000,0x0000000785a65d18,0x0000000785a80000)
  to   space 12288K, 0% used [0x0000000787a00000,0x0000000787a00000,0x0000000788600000)
 ParOldGen       total 81920K, used 7791K [0x0000000702000000, 0x0000000707000000, 0x0000000780b00000)
  object space 81920K, 9% used [0x0000000702000000,0x000000070279bc58,0x0000000707000000)
 Metaspace       used 29807K, capacity 31416K, committed 31744K, reserved 1077248K
  class space    used 3934K, capacity 4229K, committed 4352K, reserved 1048576K
}
Event: 8.244 GC heap before
{Heap before GC invocations=9 (full 1):
 PSYoungGen      total 81408K, used 81243K [0x0000000780b00000, 0x0000000788600000, 0x00000007c0000000)
  eden space 71168K, 99% used [0x0000000780b00000,0x00000007850712c8,0x0000000785080000)
  from space 10240K, 98% used [0x0000000785080000,0x0000000785a65d18,0x0000000785a80000)
  to   space 12288K, 0% used [0x0000000787a00000,0x0000000787a00000,0x0000000788600000)
 ParOldGen       total 81920K, used 7791K [0x0000000702000000, 0x0000000707000000, 0x0000000780b00000)
  object space 81920K, 9% used [0x0000000702000000,0x000000070279bc58,0x0000000707000000)
 Metaspace       used 30342K, capacity 32022K, committed 32256K, reserved 1077248K
  class space    used 3986K, capacity 4298K, committed 4352K, reserved 1048576K
Event: 8.252 GC heap after
Heap after GC invocations=9 (full 1):
 PSYoungGen      total 114176K, used 6400K [0x0000000780b00000, 0x0000000789500000, 0x00000007c0000000)
  eden space 101888K, 0% used [0x0000000780b00000,0x0000000780b00000,0x0000000786e80000)
  from space 12288K, 52% used [0x0000000787a00000,0x0000000788040118,0x0000000788600000)
  to   space 11776K, 0% used [0x0000000786e80000,0x0000000786e80000,0x0000000787a00000)
 ParOldGen       total 81920K, used 7791K [0x0000000702000000, 0x0000000707000000, 0x0000000780b00000)
  object space 81920K, 9% used [0x0000000702000000,0x000000070279bc58,0x0000000707000000)
 Metaspace       used 30342K, capacity 32022K, committed 32256K, reserved 1077248K
  class space    used 3986K, capacity 4298K, committed 4352K, reserved 1048576K
}
Event: 8.831 GC heap before
{Heap before GC invocations=10 (full 1):
 PSYoungGen      total 114176K, used 33308K [0x0000000780b00000, 0x0000000789500000, 0x00000007c0000000)
  eden space 101888K, 26% used [0x0000000780b00000,0x0000000782546fd8,0x0000000786e80000)
  from space 12288K, 52% used [0x0000000787a00000,0x0000000788040118,0x0000000788600000)
  to   space 11776K, 0% used [0x0000000786e80000,0x0000000786e80000,0x0000000787a00000)
 ParOldGen       total 81920K, used 7791K [0x0000000702000000, 0x0000000707000000, 0x0000000780b00000)
  object space 81920K, 9% used [0x0000000702000000,0x000000070279bc58,0x0000000707000000)
 Metaspace       used 33693K, capacity 35324K, committed 35456K, reserved 1079296K
  class space    used 4353K, capacity 4667K, committed 4736K, reserved 1048576K
Event: 8.844 GC heap after
Heap after GC invocations=10 (full 1):
 PSYoungGen      total 113664K, used 9317K [0x0000000780b00000, 0x000000078ae80000, 0x00000007c0000000)
  eden space 101888K, 0% used [0x0000000780b00000,0x0000000780b00000,0x0000000786e80000)
  from space 11776K, 79% used [0x0000000786e80000,0x0000000787799560,0x0000000787a00000)
  to   space 12288K, 0% used [0x000000078a280000,0x000000078a280000,0x000000078ae80000)
 ParOldGen       total 81920K, used 7799K [0x0000000702000000, 0x0000000707000000, 0x0000000780b00000)
  object space 81920K, 9% used [0x0000000702000000,0x000000070279dc58,0x0000000707000000)
 Metaspace       used 33693K, capacity 35324K, committed 35456K, reserved 1079296K
  class space    used 4353K, capacity 4667K, committed 4736K, reserved 1048576K
}
Event: 8.844 GC heap before
{Heap before GC invocations=11 (full 2):
 PSYoungGen      total 113664K, used 9317K [0x0000000780b00000, 0x000000078ae80000, 0x00000007c0000000)
  eden space 101888K, 0% used [0x0000000780b00000,0x0000000780b00000,0x0000000786e80000)
  from space 11776K, 79% used [0x0000000786e80000,0x0000000787799560,0x0000000787a00000)
  to   space 12288K, 0% used [0x000000078a280000,0x000000078a280000,0x000000078ae80000)
 ParOldGen       total 81920K, used 7799K [0x0000000702000000, 0x0000000707000000, 0x0000000780b00000)
  object space 81920K, 9% used [0x0000000702000000,0x000000070279dc58,0x0000000707000000)
 Metaspace       used 33693K, capacity 35324K, committed 35456K, reserved 1079296K
  class space    used 4353K, capacity 4667K, committed 4736K, reserved 1048576K
Event: 8.935 GC heap after
Heap after GC invocations=11 (full 2):
 PSYoungGen      total 113664K, used 0K [0x0000000780b00000, 0x000000078ae80000, 0x00000007c0000000)
  eden space 101888K, 0% used [0x0000000780b00000,0x0000000780b00000,0x0000000786e80000)
  from space 11776K, 0% used [0x0000000786e80000,0x0000000786e80000,0x0000000787a00000)
  to   space 12288K, 0% used [0x000000078a280000,0x000000078a280000,0x000000078ae80000)
 ParOldGen       total 118784K, used 13259K [0x0000000702000000, 0x0000000709400000, 0x0000000780b00000)
  object space 118784K, 11% used [0x0000000702000000,0x0000000702cf2da8,0x0000000709400000)
 Metaspace       used 33693K, capacity 35324K, committed 35456K, reserved 1079296K
  class space    used 4353K, capacity 4667K, committed 4736K, reserved 1048576K
}
Event: 12.282 GC heap before
{Heap before GC invocations=12 (full 2):
 PSYoungGen      total 113664K, used 101888K [0x0000000780b00000, 0x000000078ae80000, 0x00000007c0000000)
  eden space 101888K, 100% used [0x0000000780b00000,0x0000000786e80000,0x0000000786e80000)
  from space 11776K, 0% used [0x0000000786e80000,0x0000000786e80000,0x0000000787a00000)
  to   space 12288K, 0% used [0x000000078a280000,0x000000078a280000,0x000000078ae80000)
 ParOldGen       total 118784K, used 13259K [0x0000000702000000, 0x0000000709400000, 0x0000000780b00000)
  object space 118784K, 11% used [0x0000000702000000,0x0000000702cf2da8,0x0000000709400000)
 Metaspace       used 46036K, capacity 47964K, committed 48128K, reserved 1091584K
  class space    used 6251K, capacity 6608K, committed 6656K, reserved 1048576K
Event: 12.300 GC heap after
Heap after GC invocations=12 (full 2):
 PSYoungGen      total 146432K, used 12260K [0x0000000780b00000, 0x000000078ae80000, 0x00000007c0000000)
  eden space 134144K, 0% used [0x0000000780b00000,0x0000000780b00000,0x0000000788e00000)
  from space 12288K, 99% used [0x000000078a280000,0x000000078ae792a0,0x000000078ae80000)
  to   space 14336K, 0% used [0x0000000789280000,0x0000000789280000,0x000000078a080000)
 ParOldGen       total 118784K, used 14974K [0x0000000702000000, 0x0000000709400000, 0x0000000780b00000)
  object space 118784K, 12% used [0x0000000702000000,0x0000000702e9f898,0x0000000709400000)
 Metaspace       used 46036K, capacity 47964K, committed 48128K, reserved 1091584K
  class space    used 6251K, capacity 6608K, committed 6656K, reserved 1048576K
}

